Flutter crash report; please file at https://github.com/flutter/flutter/issues.

## command

flutter run

## exception

String: Exit code 1 from: d:\H5\Flutter\my_flutter_first\android\gradlew.bat -v:
Downloading https://gradle.org/next-steps/?version=4.7&format=all
.

Exception in thread "main" java.lang.NullPointerException
	at org.gradle.wrapper.Install.listDirs(Install.java:149)
	at org.gradle.wrapper.Install.access$300(Install.java:27)
	at org.gradle.wrapper.Install$1.call(Install.java:65)
	at org.gradle.wrapper.Install$1.call(Install.java:48)
	at org.gradle.wrapper.ExclusiveFileAccessManager.access(ExclusiveFileAccessManager.java:65)
	at org.gradle.wrapper.Install.createDist(Install.java:48)
	at org.gradle.wrapper.WrapperExecutor.execute(WrapperExecutor.java:128)
	at org.gradle.wrapper.GradleWrapperMain.main(GradleWrapperMain.java:61)

```
#0      runCheckedAsync (package:flutter_tools/src/base/process.dart:249)
<asynchronous suspension>
#1      _initializeGradle (package:flutter_tools/src/android/gradle.dart:180)
<asynchronous suspension>
#2      _ensureGradle (package:flutter_tools/src/android/gradle.dart:162)
<asynchronous suspension>
#3      _readGradleProject (package:flutter_tools/src/android/gradle.dart:97)
<asynchronous suspension>
#4      _gradleProject (package:flutter_tools/src/android/gradle.dart:90)
<asynchronous suspension>
#5      getGradleAppOut (package:flutter_tools/src/android/gradle.dart:84)
<asynchronous suspension>
#6      AndroidApk.fromCurrentDirectory (package:flutter_tools/src/application_package.dart:88)
<asynchronous suspension>
#7      getApplicationPackageForPlatform (package:flutter_tools/src/application_package.dart:272)
<asynchronous suspension>
#8      FlutterDevice.runHot (package:flutter_tools/src/resident_runner.dart:269)
<asynchronous suspension>
#9      HotRunner.run (package:flutter_tools/src/run_hot.dart:216)
<asynchronous suspension>
#10     RunCommand.runCommand (package:flutter_tools/src/commands/run.dart:401)
<asynchronous suspension>
#11     FlutterCommand.verifyThenRunCommand (package:flutter_tools/src/runner/flutter_command.dart:333)
<asynchronous suspension>
#12     FlutterCommand.run.<anonymous closure> (package:flutter_tools/src/runner/flutter_command.dart:270)
<asynchronous suspension>
#13     AppContext.run.<anonymous closure> (package:flutter_tools/src/base/context.dart:142)
<asynchronous suspension>
#14     _rootRun (dart:async/zone.dart:1126)
#15     _CustomZone.run (dart:async/zone.dart:1023)
#16     runZoned (dart:async/zone.dart:1501)
#17     AppContext.run (package:flutter_tools/src/base/context.dart:141)
<asynchronous suspension>
#18     FlutterCommand.run (package:flutter_tools/src/runner/flutter_command.dart:261)
#19     CommandRunner.runCommand (package:args/command_runner.dart:194)
<asynchronous suspension>
#20     FlutterCommandRunner.runCommand.<anonymous closure> (package:flutter_tools/src/runner/flutter_command_runner.dart:309)
<asynchronous suspension>
#21     AppContext.run.<anonymous closure> (package:flutter_tools/src/base/context.dart:142)
<asynchronous suspension>
#22     _rootRun (dart:async/zone.dart:1126)
#23     _CustomZone.run (dart:async/zone.dart:1023)
#24     runZoned (dart:async/zone.dart:1501)
#25     AppContext.run (package:flutter_tools/src/base/context.dart:141)
<asynchronous suspension>
#26     FlutterCommandRunner.runCommand (package:flutter_tools/src/runner/flutter_command_runner.dart:265)
<asynchronous suspension>
#27     CommandRunner.run.<anonymous closure> (package:args/command_runner.dart:109)
#28     new Future.sync (dart:async/future.dart:224)
#29     CommandRunner.run (package:args/command_runner.dart:109)
#30     FlutterCommandRunner.run (package:flutter_tools/src/runner/flutter_command_runner.dart:174)
#31     run.<anonymous closure> (package:flutter_tools/runner.dart:54)
<asynchronous suspension>
#32     AppContext.run.<anonymous closure> (package:flutter_tools/src/base/context.dart:142)
<asynchronous suspension>
#33     _rootRun (dart:async/zone.dart:1126)
#34     _CustomZone.run (dart:async/zone.dart:1023)
#35     runZoned (dart:async/zone.dart:1501)
#36     AppContext.run (package:flutter_tools/src/base/context.dart:141)
<asynchronous suspension>
#37     runInContext (package:flutter_tools/src/context_runner.dart:41)
<asynchronous suspension>
#38     run (package:flutter_tools/runner.dart:49)
#39     main (package:flutter_tools/executable.dart:48)
<asynchronous suspension>
#40     main (file:///E:/b/build/slave/Windows_Flutter_Packaging/build/archive/flutter/packages/flutter_tools/bin/flutter_tools.dart:8)
#41     _startIsolate.<anonymous closure> (dart:isolate-patch/dart:isolate/isolate_patch.dart:277)
#42     _RawReceivePortImpl._handleMessage (dart:isolate-patch/dart:isolate/isolate_patch.dart:165)
```

## flutter doctor

```
[✓] Flutter (Channel beta, v0.3.2, on Microsoft Windows [Version 10.0.17643.1000], locale zh-CN)
    • Flutter version 0.3.2 at D:\Flutter\flutter
    • Framework revision 44b7e7d3f4 (4 weeks ago), 2018-04-20 01:02:44 -0700
    • Engine revision 09d05a3891
    • Dart version 2.0.0-dev.48.0.flutter-fe606f890b

[!] Android toolchain - develop for Android devices (Android SDK 27.0.3)
    • Android SDK at D:\Android\Sdk
    • Android NDK location not configured (optional; useful for native profiling support)
    • Platform android-27, build-tools 27.0.3
    • ANDROID_HOME = D:\Android\Sdk
    • Java binary at: C:\Program Files\Android\Android Studio\jre\bin\java
    • Java version OpenJDK Runtime Environment (build 1.8.0_152-release-1024-b02)
    ! Some Android licenses not accepted.  To resolve this, run: flutter doctor --android-licenses

[✓] Android Studio (version 3.1)
    • Android Studio at C:\Program Files\Android\Android Studio
    ✗ Flutter plugin not installed; this adds Flutter specific functionality.
    ✗ Dart plugin not installed; this adds Dart specific functionality.
    • Java version OpenJDK Runtime Environment (build 1.8.0_152-release-1024-b02)

[✓] Connected devices (1 available)
    • SM G955F • 127.0.0.1:62001 • android-x86 • Android 4.4.2 (API 19)

! Doctor found issues in 1 category.
```
